# JRE version: Java(TM) SE Runtime Environment (8.0_261-b12) (build 1.8.0_261-b12)
# Java VM: Java HotSpot(TM) 64-Bit Server VM (25.261-b12 mixed mode windows-amd64 compressed oops)
Heap:
 PSYoungGen      total 252928K, used 22740K [0x000000076bd00000, 0x000000077f600000, 0x00000007c0000000)
  eden space 229376K, 3% used [0x000000076bd00000,0x000000076c562dc0,0x0000000779d00000)
  from space 23552K, 60% used [0x0000000779d00000,0x000000077aad23b0,0x000000077b400000)
  to   space 22528K, 0% used [0x000000077e000000,0x000000077e000000,0x000000077f600000)
 ParOldGen       total 1956864K, used 1728012K [0x00000006c3600000, 0x000000073ad00000, 0x000000076bd00000)
  object space 1956864K, 88% used [0x00000006c3600000,0x000000072cd83058,0x000000073ad00000)
 Metaspace       used 99832K, capacity 112160K, committed 112332K, reserved 1146880K
  class space    used 14409K, capacity 15512K, committed 15564K, reserved 1048576K
GC Heap History (10 events):
Event: 7.667 GC heap before
{Heap before GC invocations=9 (full 3):
 PSYoungGen      total 190976K, used 14940K [0x000000076bd00000, 0x0000000779000000, 0x00000007c0000000)
  eden space 175104K, 0% used [0x000000076bd00000,0x000000076bd00000,0x0000000776800000)
  from space 15872K, 94% used [0x0000000777980000,0x0000000778817138,0x0000000778900000)
  to   space 17920K, 0% used [0x0000000776800000,0x0000000776800000,0x0000000777980000)
 ParOldGen       total 125952K, used 15509K [0x00000006c3600000, 0x00000006cb100000, 0x000000076bd00000)
  object space 125952K, 12% used [0x00000006c3600000,0x00000006c4525608,0x00000006cb100000)
 Metaspace       used 55618K, capacity 58946K, committed 59028K, reserved 1099776K
  class space    used 7534K, capacity 7844K, committed 7896K, reserved 1048576K
Event: 7.738 GC heap after
Heap after GC invocations=9 (full 3):
 PSYoungGen      total 190976K, used 0K [0x000000076bd00000, 0x0000000779000000, 0x00000007c0000000)
  eden space 175104K, 0% used [0x000000076bd00000,0x000000076bd00000,0x0000000776800000)
  from space 15872K, 0% used [0x0000000777980000,0x0000000777980000,0x0000000778900000)
  to   space 17920K, 0% used [0x0000000776800000,0x0000000776800000,0x0000000777980000)
 ParOldGen       total 187392K, used 23051K [0x00000006c3600000, 0x00000006ced00000, 0x000000076bd00000)
  object space 187392K, 12% used [0x00000006c3600000,0x00000006c4c82f60,0x00000006ced00000)
 Metaspace       used 55615K, capacity 58940K, committed 59028K, reserved 1099776K
  class space    used 7533K, capacity 7843K, committed 7896K, reserved 1048576K
}
Event: 8.948 GC heap before
{Heap before GC invocations=10 (full 3):
 PSYoungGen      total 190976K, used 175104K [0x000000076bd00000, 0x0000000779000000, 0x00000007c0000000)
  eden space 175104K, 100% used [0x000000076bd00000,0x0000000776800000,0x0000000776800000)
  from space 15872K, 0% used [0x0000000777980000,0x0000000777980000,0x0000000778900000)
  to   space 17920K, 0% used [0x0000000776800000,0x0000000776800000,0x0000000777980000)
 ParOldGen       total 187392K, used 23051K [0x00000006c3600000, 0x00000006ced00000, 0x000000076bd00000)
  object space 187392K, 12% used [0x00000006c3600000,0x00000006c4c82f60,0x00000006ced00000)
 Metaspace       used 77107K, capacity 82394K, committed 82520K, reserved 1120256K
  class space    used 10626K, capacity 11069K, committed 11096K, reserved 1048576K
Event: 8.960 GC heap after
Heap after GC invocations=10 (full 3):
 PSYoungGen      total 193024K, used 17902K [0x000000076bd00000, 0x000000077c980000, 0x00000007c0000000)
  eden space 175104K, 0% used [0x000000076bd00000,0x000000076bd00000,0x0000000776800000)
  from space 17920K, 99% used [0x0000000776800000,0x000000077797bbd8,0x0000000777980000)
  to   space 22016K, 0% used [0x000000077b400000,0x000000077b400000,0x000000077c980000)
 ParOldGen       total 187392K, used 25565K [0x00000006c3600000, 0x00000006ced00000, 0x000000076bd00000)
  object space 187392K, 13% used [0x00000006c3600000,0x00000006c4ef75d8,0x00000006ced00000)
 Metaspace       used 77107K, capacity 82394K, committed 82520K, reserved 1120256K
  class space    used 10626K, capacity 11069K, committed 11096K, reserved 1048576K
}
Event: 9.743 GC heap before
{Heap before GC invocations=11 (full 3):
 PSYoungGen      total 193024K, used 154096K [0x000000076bd00000, 0x000000077c980000, 0x00000007c0000000)
  eden space 175104K, 77% used [0x000000076bd00000,0x00000007742006a0,0x0000000776800000)
  from space 17920K, 99% used [0x0000000776800000,0x000000077797bbd8,0x0000000777980000)
  to   space 22016K, 0% used [0x000000077b400000,0x000000077b400000,0x000000077c980000)
 ParOldGen       total 187392K, used 25565K [0x00000006c3600000, 0x00000006ced00000, 0x000000076bd00000)
  object space 187392K, 13% used [0x00000006c3600000,0x00000006c4ef75d8,0x00000006ced00000)
 Metaspace       used 90577K, capacity 98286K, committed 98380K, reserved 1134592K
  class space    used 12735K, capacity 13294K, committed 13388K, reserved 1048576K
Event: 9.757 GC heap after
Heap after GC invocations=11 (full 3):
 PSYoungGen      total 251392K, used 17821K [0x000000076bd00000, 0x000000077d080000, 0x00000007c0000000)
  eden space 229376K, 0% used [0x000000076bd00000,0x000000076bd00000,0x0000000779d00000)
  from space 22016K, 80% used [0x000000077b400000,0x000000077c567778,0x000000077c980000)
  to   space 23552K, 0% used [0x0000000779d00000,0x0000000779d00000,0x000000077b400000)
 ParOldGen       total 187392K, used 25573K [0x00000006c3600000, 0x00000006ced00000, 0x000000076bd00000)
  object space 187392K, 13% used [0x00000006c3600000,0x00000006c4ef95d8,0x00000006ced00000)
 Metaspace       used 90577K, capacity 98286K, committed 98380K, reserved 1134592K
  class space    used 12735K, capacity 13294K, committed 13388K, reserved 1048576K
}
Event: 9.757 GC heap before
{Heap before GC invocations=12 (full 4):
 PSYoungGen      total 251392K, used 17821K [0x000000076bd00000, 0x000000077d080000, 0x00000007c0000000)
  eden space 229376K, 0% used [0x000000076bd00000,0x000000076bd00000,0x0000000779d00000)
  from space 22016K, 80% used [0x000000077b400000,0x000000077c567778,0x000000077c980000)
  to   space 23552K, 0% used [0x0000000779d00000,0x0000000779d00000,0x000000077b400000)
 ParOldGen       total 187392K, used 25573K [0x00000006c3600000, 0x00000006ced00000, 0x000000076bd00000)
  object space 187392K, 13% used [0x00000006c3600000,0x00000006c4ef95d8,0x00000006ced00000)
 Metaspace       used 90577K, capacity 98286K, committed 98380K, reserved 1134592K
  class space    used 12735K, capacity 13294K, committed 13388K, reserved 1048576K
Event: 9.808 GC heap after
Heap after GC invocations=12 (full 4):
 PSYoungGen      total 251392K, used 0K [0x000000076bd00000, 0x000000077d080000, 0x00000007c0000000)
  eden space 229376K, 0% used [0x000000076bd00000,0x000000076bd00000,0x0000000779d00000)
  from space 22016K, 0% used [0x000000077b400000,0x000000077b400000,0x000000077c980000)
  to   space 23552K, 0% used [0x0000000779d00000,0x0000000779d00000,0x000000077b400000)
 ParOldGen       total 262144K, used 33385K [0x00000006c3600000, 0x00000006d3600000, 0x000000076bd00000)
  object space 262144K, 12% used [0x00000006c3600000,0x00000006c569a6f0,0x00000006d3600000)
 Metaspace       used 90577K, capacity 98286K, committed 98380K, reserved 1134592K
  class space    used 12735K, capacity 13294K, committed 13388K, reserved 1048576K
}
Event: 10.844 GC heap before
{Heap before GC invocations=13 (full 4):
 PSYoungGen      total 251392K, used 229376K [0x000000076bd00000, 0x000000077d080000, 0x00000007c0000000)
  eden space 229376K, 100% used [0x000000076bd00000,0x0000000779d00000,0x0000000779d00000)
  from space 22016K, 0% used [0x000000077b400000,0x000000077b400000,0x000000077c980000)
  to   space 23552K, 0% used [0x0000000779d00000,0x0000000779d00000,0x000000077b400000)
 ParOldGen       total 262144K, used 33385K [0x00000006c3600000, 0x00000006d3600000, 0x000000076bd00000)
  object space 262144K, 12% used [0x00000006c3600000,0x00000006c569a6f0,0x00000006d3600000)
 Metaspace       used 99541K, capacity 111750K, committed 112076K, reserved 1146880K
  class space    used 14359K, capacity 15448K, committed 15564K, reserved 1048576K
Event: 10.856 GC heap after
Heap after GC invocations=13 (full 4):
 PSYoungGen      total 252928K, used 14152K [0x000000076bd00000, 0x000000077f600000, 0x00000007c0000000)
  eden space 229376K, 0% used [0x000000076bd00000,0x000000076bd00000,0x0000000779d00000)
  from space 23552K, 60% used [0x0000000779d00000,0x000000077aad23b0,0x000000077b400000)
  to   space 22528K, 0% used [0x000000077e000000,0x000000077e000000,0x000000077f600000)
 ParOldGen       total 262144K, used 33393K [0x00000006c3600000, 0x00000006d3600000, 0x000000076bd00000)
  object space 262144K, 12% used [0x00000006c3600000,0x00000006c569c6f0,0x00000006d3600000)
 Metaspace       used 99541K, capacity 111750K, committed 112076K, reserved 1146880K
  class space    used 14359K, capacity 15448K, committed 15564K, reserved 1048576K
}

